Build started 4/9/2016 2:30:41 AM.
     1>Project "J:\GitHub\PB2\2DEngine - Copy\GameEngine2D\GameEngine2D.vcxproj" on node 2 (Build target(s)).
     1>ClCompile:
         C:\Program Files (x86)\Microsoft Visual Studio 12.0\VC\bin\CL.exe /c /Zi /nologo /W3 /WX- /sdl /O2 /Oi /Oy- /GL /D NDEBUG /D _MBCS /D _MBCS /Gm- /EHsc /MD /GS /Gy /fp:precise /Zc:wchar_t /Zc:forScope /Fo"Release\\" /Fd"Release\vc120.pdb" /Gd /TP /analyze- /errorReport:prompt Core\ErrorLog.cpp Core\InputManager.cpp Core\Time.cpp main.cpp Rendering\Display.cpp TestGame.cpp
         ErrorLog.cpp
         InputManager.cpp
         Time.cpp
         main.cpp
         Display.cpp
         TestGame.cpp
       Link:
         C:\Program Files (x86)\Microsoft Visual Studio 12.0\VC\bin\link.exe /ERRORREPORT:PROMPT /OUT:"J:\GitHub\PB2\2DEngine - Copy\Release\GameEngine2D.exe" /NOLOGO fmod_vc.lib fmodL_vc.lib glew32.lib glew32s.lib opengl32.lib SDL2.lib SDL2main.lib "CEGUIBase-0.lib" "CEGUIOpenGLRenderer-0.lib" kernel32.lib user32.lib gdi32.lib winspool.lib comdlg32.lib advapi32.lib shell32.lib ole32.lib oleaut32.lib uuid.lib odbc32.lib odbccp32.lib /MANIFEST /MANIFESTUAC:"level='asInvoker' uiAccess='false'" /manifest:embed /DEBUG /PDB:"J:\GitHub\PB2\2DEngine - Copy\Release\GameEngine2D.pdb" /SUBSYSTEM:WINDOWS /OPT:REF /OPT:ICF /LTCG /TLBID:1 /DYNAMICBASE /NXCOMPAT /IMPLIB:"J:\GitHub\PB2\2DEngine - Copy\Release\GameEngine2D.lib" /MACHINE:X86 /SAFESEH Release\ErrorLog.obj
         Release\InputManager.obj
         Release\Time.obj
         Release\main.obj
         Release\Display.obj
         Release\TestGame.obj
         Generating code
         Finished generating code
         GameEngine2D.vcxproj -> J:\GitHub\PB2\2DEngine - Copy\Release\GameEngine2D.exe
     1>Done Building Project "J:\GitHub\PB2\2DEngine - Copy\GameEngine2D\GameEngine2D.vcxproj" (Build target(s)).

Build succeeded.

Time Elapsed 00:00:05.06
